<?xml version="1.0" encoding="UTF-8"?>
<!-- Generated by org.testng.reporters.JUnitXMLReporter -->
<testsuite hostname="DESKTOP-DQADO6I" name="Default test" tests="8" failures="0" timestamp="14 Nov 2017 10:35:53 GMT" time="63.788" errors="0">
  <testcase name="desktop_doc_setting_1" time="5.097" classname="test.testDesktop"/>
  <testcase name="desktop_doc_setting_2" time="4.53" classname="test.testDesktop"/>
  <testcase name="desktop_doc_setting_3" time="4.767" classname="test.testDesktop"/>
  <testcase name="desktop_doc_setting_6" time="10.757" classname="test.testDesktop"/>
  <testcase name="desktop_newDoc" time="12.574" classname="test.testDesktop"/>
  <testcase name="desktop_newFolder" time="5.66" classname="test.testDesktop"/>
  <testcase name="desktop_newSheet" time="12.428" classname="test.testDesktop"/>
  <testcase name="desktop_show_type" time="2.618" classname="test.testDesktop"/>
</testsuite> <!-- Default test -->
