<?xml version="1.0" encoding="UTF-8"?>
<testng-results skipped="0" failed="0" total="1" passed="1">
  <reporter-output>
  </reporter-output>
  <suite name="Default suite" duration-ms="9007" started-at="2017-10-24T09:18:35Z" finished-at="2017-10-24T09:18:44Z">
    <groups>
    </groups>
    <test name="Default test" duration-ms="9007" started-at="2017-10-24T09:18:35Z" finished-at="2017-10-24T09:18:44Z">
      <class name="test.testDesktop">
        <test-method status="PASS" signature="setUp()[pri:0, instance:test.testDesktop@60bd273d]" name="setUp" is-config="true" duration-ms="8763" started-at="2017-10-24T17:18:35Z" finished-at="2017-10-24T17:18:44Z">
          <reporter-output>
          </reporter-output>
        </test-method> <!-- setUp -->
        <test-method status="PASS" signature="desktop()[pri:0, instance:test.testDesktop@60bd273d]" name="desktop" duration-ms="214" started-at="2017-10-24T17:18:44Z" finished-at="2017-10-24T17:18:44Z">
          <reporter-output>
          </reporter-output>
        </test-method> <!-- desktop -->
        <test-method status="PASS" signature="tearDown()[pri:0, instance:test.testDesktop@60bd273d]" name="tearDown" is-config="true" duration-ms="19" started-at="2017-10-24T17:18:44Z" finished-at="2017-10-24T17:18:44Z">
          <reporter-output>
          </reporter-output>
        </test-method> <!-- tearDown -->
        <test-method status="PASS" signature="lastMethod()[pri:0, instance:test.testDesktop@60bd273d]" name="lastMethod" is-config="true" duration-ms="0" started-at="2017-10-24T17:18:44Z" finished-at="2017-10-24T17:18:44Z">
          <reporter-output>
          </reporter-output>
        </test-method> <!-- lastMethod -->
      </class> <!-- test.testDesktop -->
    </test> <!-- Default test -->
  </suite> <!-- Default suite -->
</testng-results>
